<?xml version="1.0" encoding="utf-8"?><testsuites name="pytest tests"><testsuite name="pytest" errors="0" failures="0" skipped="0" tests="14" time="1.388" timestamp="2026-05-16T19:38:32.498199+00:00" hostname="agent-env-0679b023-ce6e-4c1c-814c-8a6794de77ac"><testcase classname="backend.tests.test_kryzalid_api.TestHealthAndRoot" name="test_health_endpoint" time="0.241" /><testcase classname="backend.tests.test_kryzalid_api.TestHealthAndRoot" name="test_root_endpoint" time="0.069" /><testcase classname="backend.tests.test_kryzalid_api.TestCalendarRemoved" name="test_calendar_endpoints_404[/calendar]" time="0.076" /><testcase classname="backend.tests.test_kryzalid_api.TestCalendarRemoved" name="test_calendar_endpoints_404[/calendar/]" time="0.072" /><testcase classname="backend.tests.test_kryzalid_api.TestCalendarRemoved" name="test_calendar_endpoints_404[/calendar/events]" time="0.071" /><testcase classname="backend.tests.test_kryzalid_api.TestCalendarRemoved" name="test_calendar_endpoints_404[/calendar/availability]" time="0.068" /><testcase classname="backend.tests.test_kryzalid_api.TestCalendarRemoved" name="test_calendar_endpoints_404[/calendar/slots]" time="0.068" /><testcase classname="backend.tests.test_kryzalid_api.TestCalendarRemoved" name="test_calendar_endpoints_404[/calendar/book]" time="0.071" /><testcase classname="backend.tests.test_kryzalid_api.TestReservations" name="test_list_reservations" time="0.072" /><testcase classname="backend.tests.test_kryzalid_api.TestReservations" name="test_create_reservation" time="0.087" /><testcase classname="backend.tests.test_kryzalid_api.TestReservations" name="test_get_reservation_by_id" time="0.078" /><testcase classname="backend.tests.test_kryzalid_api.TestReservations" name="test_update_reservation_status" time="0.140" /><testcase classname="backend.tests.test_kryzalid_api.TestReservations" name="test_get_nonexistent_reservation_404" time="0.069" /><testcase classname="backend.tests.test_kryzalid_api.TestReservations" name="test_delete_reservation" time="0.135" /></testsuite></testsuites>